2016-04-26 01:06:01 INFO     AllureSteps:21 - Testing: 1 + 2 = 3
2016-04-26 01:06:01 INFO     AllureSteps:24 - Actual result: 3
2016-04-26 01:06:01 INFO     AllureSteps:30 - Testing: 2 - 1 = 1
2016-04-26 01:06:01 INFO     AllureSteps:33 - Actual result: 1
2016-04-26 01:06:01 INFO     AllureSteps:39 - Testing: 3 * 4 = 12
2016-04-26 01:06:01 INFO     AllureSteps:42 - Actual result: 12
2016-04-26 01:06:01 INFO     AllureSteps:48 - Testing: 20 / 0 = 1
2016-04-26 01:06:33 INFO     AllureSteps:21 - Testing: 1 + 2 = 3
2016-04-26 01:06:33 INFO     AllureSteps:24 - Actual result: 3
2016-04-26 01:06:33 INFO     AllureSteps:30 - Testing: 2 - 1 = 1
2016-04-26 01:06:33 INFO     AllureSteps:33 - Actual result: 1
2016-04-26 01:06:33 INFO     AllureSteps:39 - Testing: 3 * 4 = 12
2016-04-26 01:06:33 INFO     AllureSteps:42 - Actual result: 12
2016-04-26 01:06:33 INFO     AllureSteps:48 - Testing: 20 / 0 = 1
2016-04-26 01:09:28 INFO     AllureSteps:21 - Testing: 1 + 2 = 3
2016-04-26 01:09:28 INFO     AllureSteps:24 - Actual result: 3
2016-04-26 01:09:28 INFO     AllureSteps:30 - Testing: 2 - 1 = 1
2016-04-26 01:09:28 INFO     AllureSteps:33 - Actual result: 1
2016-04-26 01:09:28 INFO     AllureSteps:39 - Testing: 3 * 4 = 12
2016-04-26 01:09:28 INFO     AllureSteps:42 - Actual result: 12
2016-04-26 01:09:28 INFO     AllureSteps:48 - Testing: 20 / 0 = 1
2016-04-26 01:09:28 INFO     AllureSteps:21 - Testing: 17 + 0 = 17
2016-04-26 01:09:28 INFO     AllureSteps:24 - Actual result: 17
2016-04-26 01:09:28 INFO     AllureSteps:30 - Testing: 12 - 32 = -20
2016-04-26 01:09:28 INFO     AllureSteps:33 - Actual result: -20
2016-04-26 01:09:28 INFO     AllureSteps:39 - Testing: 4 * 5 = 21
2016-04-26 01:09:28 INFO     AllureSteps:42 - Actual result: 20
2016-04-26 01:09:28 INFO     AllureSteps:48 - Testing: 0 / 0 = 0
2016-04-26 01:09:28 INFO     AllureSteps:21 - Testing: 3 + 4 = 7
2016-04-26 01:09:28 INFO     AllureSteps:24 - Actual result: 7
2016-04-26 01:09:28 INFO     AllureSteps:30 - Testing: 5 - 2 = 3
2016-04-26 01:09:28 INFO     AllureSteps:33 - Actual result: 3
2016-04-26 01:09:28 INFO     AllureSteps:39 - Testing: 4 * 9 = 35
2016-04-26 01:09:28 INFO     AllureSteps:42 - Actual result: 36
2016-04-26 01:09:28 INFO     AllureSteps:48 - Testing: 0 / 9 = 0
2016-04-26 01:09:28 INFO     AllureSteps:53 - Actual result: 0
